Sat Sep 22 10:19:03 CST 2018  [debug] AvalonLogSystem initialized using logfile 'C:\Users\Administrator\Desktop\blx\.metadata\.plugins\com.genuitec.eclipse.templates\velocity.log'
Sat Sep 22 10:19:03 CST 2018   [info] ************************************************************** 
Sat Sep 22 10:19:03 CST 2018   [info] Starting Jakarta Velocity v1.4
Sat Sep 22 10:19:03 CST 2018   [info] RuntimeInstance initializing.
Sat Sep 22 10:19:03 CST 2018   [info] Default Properties File: org\apache\velocity\runtime\defaults\velocity.properties
Sat Sep 22 10:19:03 CST 2018   [info] Trying to use logger class org.apache.velocity.runtime.log.AvalonLogSystem
Sat Sep 22 10:19:03 CST 2018   [info] Using logger class org.apache.velocity.runtime.log.AvalonLogSystem
Sat Sep 22 10:19:04 CST 2018   [info] Default ResourceManager initializing. (class org.apache.velocity.runtime.resource.ResourceManagerImpl)
Sat Sep 22 10:19:04 CST 2018   [info] Resource Loader Instantiated: com.genuitec.eclipse.templates.internal.PluginResourceLoader
Sat Sep 22 10:19:04 CST 2018   [info] ResourceCache : initialized. (class org.apache.velocity.runtime.resource.ResourceCacheImpl)
Sat Sep 22 10:19:04 CST 2018   [info] Default ResourceManager initialization complete.
Sat Sep 22 10:19:04 CST 2018   [info] Loaded System Directive: org.apache.velocity.runtime.directive.Literal
Sat Sep 22 10:19:04 CST 2018   [info] Loaded System Directive: org.apache.velocity.runtime.directive.Macro
Sat Sep 22 10:19:04 CST 2018   [info] Loaded System Directive: org.apache.velocity.runtime.directive.Parse
Sat Sep 22 10:19:04 CST 2018   [info] Loaded System Directive: org.apache.velocity.runtime.directive.Include
Sat Sep 22 10:19:04 CST 2018   [info] Loaded System Directive: org.apache.velocity.runtime.directive.Foreach
Sat Sep 22 10:19:04 CST 2018   [info] Created: 20 parsers.
Sat Sep 22 10:19:04 CST 2018   [info] Velocimacro : initialization starting.
Sat Sep 22 10:19:04 CST 2018   [info] Velocimacro : adding VMs from VM library template : VM_global_library.vm
Sat Sep 22 10:19:04 CST 2018  [error] ResourceManager : unable to find resource 'VM_global_library.vm' in any resource loader.
Sat Sep 22 10:19:04 CST 2018   [info] Velocimacro : error using  VM library template VM_global_library.vm : org.apache.velocity.exception.ResourceNotFoundException: Unable to find resource 'VM_global_library.vm'
Sat Sep 22 10:19:04 CST 2018   [info] Velocimacro :  VM library template macro registration complete.
Sat Sep 22 10:19:04 CST 2018   [info] Velocimacro : allowInline = true : VMs can be defined inline in templates
Sat Sep 22 10:19:04 CST 2018   [info] Velocimacro : allowInlineToOverride = true : VMs defined inline may replace previous VM definitions
Sat Sep 22 10:19:04 CST 2018   [info] Velocimacro : allowInlineLocal = true : VMs defined inline will be local to their defining template only.
Sat Sep 22 10:19:04 CST 2018   [info] Velocimacro : messages on  : VM system will output logging messages
Sat Sep 22 10:19:04 CST 2018   [info] Velocimacro : autoload off  : VM system will not automatically reload global library macros
Sat Sep 22 10:19:04 CST 2018   [info] Velocimacro : initialization complete.
Sat Sep 22 10:19:04 CST 2018   [info] Velocity successfully started.
Sat Sep 22 10:19:04 CST 2018   [info] ResourceManager : found templates/web.xml.vm with loader com.genuitec.eclipse.templates.internal.PluginResourceLoader
Sat Sep 22 10:19:04 CST 2018   [info] ResourceManager : found /templates/velocity/welcome/Jsp.vtl with loader com.genuitec.eclipse.templates.internal.PluginResourceLoader
